<?xml version="1.0" encoding="windows-1252"?>
<beans xmlns="http://www.springframework.org/schema/beans" xmlns:xsi="http://www.w3.org/2001/XMLSchema-instance" 
        xmlns:context="http://www.springframework.org/schema/context" xmlns:tx="http://www.springframework.org/schema/tx"
        xsi:schemaLocation="http://www.springframework.org/schema/beans http://www.springframework.org/schema/beans/spring-beans-3.0.xsd
        http://www.springframework.org/schema/context http://www.springframework.org/schema/context/spring-context-3.0.xsd
        http://www.springframework.org/schema/tx http://www.springframework.org/schema/tx/spring-tx-3.0.xsd">

    <context:annotation-config />
    <context:component-scan base-package="fi.vm.sade.viestintapalvelu.model" />
    <context:component-scan base-package="fi.vm.sade.viestintapalvelu.dao" />
    <context:component-scan base-package="fi.vm.sade.viestintapalvelu.dao.impl" />   
    
    <!-- HyperSQL datasource -->
    <bean id="dataSource" class="org.springframework.jdbc.datasource.DriverManagerDataSource">   
		<property name="driverClassName" value="org.hsqldb.jdbc.JDBCDriver"/>    
		<property name="url" value="jdbc:hsqldb:mem:viestinta"/>    
		<property name="username" value="sa"/>    
		<property name="password" value=""/>
    </bean>
    
    <!-- EntityManagerFactory (required by JTA) support -->
    <bean id="emf" class="org.springframework.orm.jpa.LocalContainerEntityManagerFactoryBean" depends-on="dataSourceInitializer">
        <property name="loadTimeWeaver">
            <bean class="org.springframework.instrument.classloading.InstrumentationLoadTimeWeaver" />
        </property>
        <property name="persistenceXmlLocation" value="classpath:test-persistence.xml"/>
        <property name="dataSource" ref="dataSource"/>
    </bean>

    <!-- Intializer for creating schema for JUnit testing  -->
	<bean id="dataSourceInitializer" class="org.springframework.jdbc.datasource.init.DataSourceInitializer">
	    <property name="dataSource" ref="dataSource" />
	    <property name="databasePopulator">
	        <bean class="org.springframework.jdbc.datasource.init.ResourceDatabasePopulator">
	            <property name="continueOnError" value="true" />
	            <property name="scripts">
	                <list>
	                    <value>classpath:sql/create_schema_for_junit_tests.sql</value>
	                </list>
	            </property>
	        </bean>
	    </property>
	</bean>     
    
    <!-- transaction manager -->
    <bean id="transactionManager" class="org.springframework.orm.jpa.JpaTransactionManager">
        <property name="entityManagerFactory" ref="emf" />
    </bean>

    <!-- enable spring annotation driven transactions -->
    <tx:annotation-driven transaction-manager="transactionManager" />
</beans>
