<?xml version="1.0" encoding="UTF-8"?>
<persistence version="2.0" xmlns="http://java.sun.com/xml/ns/persistence" xmlns:xsi="http://www.w3.org/2001/XMLSchema-instance"
	xsi:schemaLocation="http://java.sun.com/xml/ns/persistence http://java.sun.com/xml/ns/persistence/persistence_2_0.xsd">
    <persistence-unit name="viestinta" transaction-type="RESOURCE_LOCAL">
        <provider>org.hibernate.ejb.HibernatePersistence</provider>
        
        <class>fi.vm.sade.viestintapalvelu.model.LetterBatch</class>
        <class>fi.vm.sade.viestintapalvelu.model.LetterBatchProcessingError</class>
        <class>fi.vm.sade.viestintapalvelu.model.LetterReceiverAddress</class>
        <class>fi.vm.sade.viestintapalvelu.model.LetterReceiverEmail</class>
        <class>fi.vm.sade.viestintapalvelu.model.LetterReceiverLetter</class>
        <class>fi.vm.sade.viestintapalvelu.model.LetterReceiverReplacement</class>
        <class>fi.vm.sade.viestintapalvelu.model.LetterReceivers</class>
        <class>fi.vm.sade.viestintapalvelu.model.LetterReplacement</class>
        <class>fi.vm.sade.viestintapalvelu.model.Replacement</class>
        <class>fi.vm.sade.viestintapalvelu.model.Template</class>
        <class>fi.vm.sade.viestintapalvelu.model.TemplateContent</class>
        <class>fi.vm.sade.viestintapalvelu.model.IPosti</class>
        <class>fi.vm.sade.viestintapalvelu.model.UsedTemplate</class>
        <class>fi.vm.sade.viestintapalvelu.model.TemplateApplicationPeriod</class>
        <class>fi.vm.sade.viestintapalvelu.model.LetterReceiverLetterAttachment</class>
        
        <properties>
            <property name="hibernate.hbm2ddl.auto" value="create-drop"/>
            <property name="hibernate.show_sql" value="false"/>
            <property name="hibernate.dialect" value="org.hibernate.dialect.HSQLDialect"/>
            <property name="hibernate.c3p0.min_size" value="5"/>
            <property name="hibernate.c3p0.max_size" value="20"/>
            <property name="hibernate.c3p0.timeout" value="300"/>
            <property name="hibernate.c3p0.max_statements" value="50"/>
            <property name="hibernate.c3p0.idle_test_period" value="3000"/>
        </properties>
    </persistence-unit>
</persistence>
