<?xml version="1.0" encoding="UTF-8"?>
<beans xmlns="http://www.springframework.org/schema/beans" xmlns:xsi="http://www.w3.org/2001/XMLSchema-instance"
       xmlns:context="http://www.springframework.org/schema/context" xmlns:util="http://www.springframework.org/schema/util"
       xmlns:task="http://www.springframework.org/schema/task" xmlns:camel="http://camel.apache.org/schema/spring"
       xmlns:jaxrs="http://cxf.apache.org/jaxrs" xmlns:jaxws="http://cxf.apache.org/jaxws"
       xmlns:http="http://cxf.apache.org/transports/http/configuration" xmlns:aop="http://www.springframework.org/schema/aop"
       xmlns:tx="http://www.springframework.org/schema/tx" xmlns:mockito="http://www.mockito.org/spring/mockito"
       xsi:schemaLocation="http://www.springframework.org/schema/beans http://www.springframework.org/schema/beans/spring-beans.xsd
	       http://www.springframework.org/schema/context http://www.springframework.org/schema/context/spring-context.xsd
	       http://www.springframework.org/schema/util http://www.springframework.org/schema/util/spring-util.xsd
	       http://www.springframework.org/schema/aop http://www.springframework.org/schema/aop/spring-aop.xsd
	       http://www.springframework.org/schema/task http://www.springframework.org/schema/task/spring-task.xsd
	       http://cxf.apache.org/jaxrs http://cxf.apache.org/schemas/jaxrs.xsd
	       http://cxf.apache.org/transports/http/configuration http://cxf.apache.org/schemas/configuration/http-conf.xsd 
	       http://camel.apache.org/schema/spring http://camel.apache.org/schema/spring/camel-spring.xsd
	       http://camel.apache.org/schema/spring-security http://camel.apache.org/schema/spring-security/camel-spring-security.xsd
	       http://www.springframework.org/schema/tx http://www.springframework.org/schema/tx/spring-tx-3.0.xsd
	       http://www.mockito.org/spring/mockito classpath:spring/mockito.xsd">
            
	<context:annotation-config />
    <context:component-scan base-package="fi.vm.sade.viestintapalvelu.liite"/>
    <context:component-scan base-package="fi.vm.sade.viestintapalvelu.address"/>
    <context:component-scan base-package="fi.vm.sade.viestintapalvelu.document"/>
    <context:component-scan base-package="fi.vm.sade.viestintapalvelu.download"/>
    <context:component-scan base-package="fi.vm.sade.viestintapalvelu.externalinterface"/>
    <context:component-scan base-package="fi.vm.sade.viestintapalvelu.externalinterface.api"/>
    <context:component-scan base-package="fi.vm.sade.viestintapalvelu.externalinterface.common"/>
    <context:component-scan base-package="fi.vm.sade.viestintapalvelu.externalinterface.component"/>
    <context:component-scan base-package="fi.vm.sade.viestintapalvelu.externalinterface.route"/>
    <context:component-scan base-package="fi.vm.sade.viestintapalvelu.hyvaksymiskirje"/>
    <context:component-scan base-package="fi.vm.sade.viestintapalvelu.jalkiohjauskirje"/>
    <context:component-scan base-package="fi.vm.sade.viestintapalvelu.koekutsukirje"/>
    <context:component-scan base-package="fi.vm.sade.viestintapalvelu.letter"/>
    <context:component-scan base-package="fi.vm.sade.viestintapalvelu.letter.impl"/>    
    <context:component-scan base-package="fi.vm.sade.viestintapalvelu.template"/>
    <context:component-scan base-package="fi.vm.sade.viestintapalvelu.template.impl"/>
    <context:component-scan base-package="fi.vm.sade.viestintapalvelu.message"/>
    <context:component-scan base-package="fi.vm.sade.viestintapalvelu.model" />
    <context:component-scan base-package="fi.vm.sade.viestintapalvelu.dao" />
    <context:component-scan base-package="fi.vm.sade.viestintapalvelu.dao.impl" />      

    <bean id="validator" class="org.springframework.validation.beanvalidation.LocalValidatorFactoryBean" />
    <bean id="executorService" class="java.util.concurrent.Executors" factory-method="newCachedThreadPool"/>
    
    <mockito:mock id="dokumenttipalvelu" class="fi.vm.sade.valinta.dokumenttipalvelu.resource.DokumenttiResource" />
    <mockito:mock id="omattiedotResourceClient" class="fi.vm.sade.viestintapalvelu.externalinterface.api.OmattiedotResource"/>
    
    <camelContext xmlns="http://camel.apache.org/schema/spring">
        <routeBuilder ref="omattiedotRoute"/>
    </camelContext>

    <bean id="omattiedotRoute" class="fi.vm.sade.viestintapalvelu.externalinterface.route.OmattiedotRoute"/>
    
    <!-- HyperSQL datasource -->
    <bean id="dataSource" class="org.springframework.jdbc.datasource.DriverManagerDataSource">   
        <property name="driverClassName" value="org.hsqldb.jdbc.JDBCDriver"/>    
        <property name="url" value="jdbc:hsqldb:mem:viestinta"/>    
        <property name="username" value="sa"/>    
        <property name="password" value=""/>
    </bean>
    
    <!-- EntityManagerFactory (required by JTA) support -->
    <bean id="emf" class="org.springframework.orm.jpa.LocalContainerEntityManagerFactoryBean" depends-on="dataSourceInitializer">
        <property name="loadTimeWeaver">
            <bean class="org.springframework.instrument.classloading.InstrumentationLoadTimeWeaver" />
        </property>
        <property name="persistenceXmlLocation" value="classpath:test-persistence.xml"/>
        <property name="dataSource" ref="dataSource"/>
    </bean>

    <!-- Intializer for creating schema for JUnit testing  -->
    <bean id="dataSourceInitializer" class="org.springframework.jdbc.datasource.init.DataSourceInitializer">
        <property name="dataSource" ref="dataSource" />
        <property name="databasePopulator">
            <bean class="org.springframework.jdbc.datasource.init.ResourceDatabasePopulator">
                <property name="continueOnError" value="true" />
                <property name="scripts">
                    <list>
                        <value>classpath:sql/create_schema_for_junit_tests.sql</value>
                    </list>
                </property>
            </bean>
        </property>
    </bean>     
    
    <!-- transaction manager -->
    <bean id="transactionManager" class="org.springframework.orm.jpa.JpaTransactionManager">
        <property name="entityManagerFactory" ref="emf" />
    </bean>

    <!-- enable spring annotation driven transactions -->
    <tx:annotation-driven transaction-manager="transactionManager" />       
</beans>