<?xml version="1.0" encoding="UTF-8"?>
<beans xmlns="http://www.springframework.org/schema/beans"
       xmlns:xsi="http://www.w3.org/2001/XMLSchema-instance" xmlns:context="http://www.springframework.org/schema/context"
       xmlns:p="http://www.springframework.org/schema/p" xmlns:util="http://www.springframework.org/schema/util"
       xmlns:s="http://www.springframework.org/schema/security"
       xsi:schemaLocation="http://www.springframework.org/schema/beans http://www.springframework.org/schema/beans/spring-beans.xsd
		 http://www.springframework.org/schema/mvc http://www.springframework.org/schema/mvc/spring-mvc.xsd
         http://www.springframework.org/schema/context http://www.springframework.org/schema/context/spring-context.xsd
         http://www.springframework.org/schema/security http://www.springframework.org/schema/security/spring-security-3.1.xsd
         http://www.springframework.org/schema/util http://www.springframework.org/schema/util/spring-util.xsd">

            
	<context:annotation-config />

    <bean id="validatorFactory" class="javax.validation.Validation" factory-method="buildDefaultValidatorFactory"/>
    <bean id="validator" factory-bean="validatorFactory" factory-method="getValidator"/>
    <bean id="executorService" class="java.util.concurrent.Executors" factory-method="newCachedThreadPool"/>
    
    <context:component-scan base-package="fi.vm.sade.viestintapalvelu.liite"/>
    <context:component-scan base-package="fi.vm.sade.viestintapalvelu.address"/>
    <context:component-scan base-package="fi.vm.sade.viestintapalvelu.document"/>
    <context:component-scan base-package="fi.vm.sade.viestintapalvelu.download"/>
    <context:component-scan base-package="fi.vm.sade.viestintapalvelu.hyvaksymiskirje"/>
    <context:component-scan base-package="fi.vm.sade.viestintapalvelu.jalkiohjauskirje"/>
    <context:component-scan base-package="fi.vm.sade.viestintapalvelu.message"/>
</beans>