<?xml version="1.0" encoding="windows-1252"?>
<beans xmlns="http://www.springframework.org/schema/beans" xmlns:xsi="http://www.w3.org/2001/XMLSchema-instance"
       xmlns:context="http://www.springframework.org/schema/context" xmlns:tx="http://www.springframework.org/schema/tx"
       xsi:schemaLocation="http://www.springframework.org/schema/beans http://www.springframework.org/schema/beans/spring-beans-3.0.xsd
        http://www.springframework.org/schema/context http://www.springframework.org/schema/context/spring-context-3.0.xsd
        http://www.springframework.org/schema/tx http://www.springframework.org/schema/tx/spring-tx-3.0.xsd">

    <context:annotation-config/>
    <context:component-scan base-package="fi.vm.sade.ryhmasahkoposti.dao"/>

    <!-- Add EntityManagerFactory (required by jta) support -->
    <bean id="emf" class="org.springframework.orm.jpa.LocalContainerEntityManagerFactoryBean" depends-on="flyway">
        <property name="loadTimeWeaver">
            <bean class="org.springframework.instrument.classloading.InstrumentationLoadTimeWeaver"/>
        </property>
        <property name="dataSource" ref="dbDataSource"/>
        <property name="packagesToScan" value="fi.vm.sade.ryhmasahkoposti.model" />
        <property name="jpaVendorAdapter" ref="jpaVendorAdapter"/>
        <property name="jpaPropertyMap">
            <map>
                <entry key="hibernate.hbm2ddl.auto" value="validate" />
                <entry key="hibernate.show_sql" value="true" />
            </map>
        </property>
        <property name="persistenceXmlLocation" value="classpath:test-persistence-postgres.xml"/>
    </bean>

    <bean id="jpaVendorAdapter" class="org.springframework.orm.jpa.vendor.HibernateJpaVendorAdapter">
        <property name="showSql" value="false"/>
        <property name="generateDdl" value="false"/>
        <property name="databasePlatform" value="org.hibernate.dialect.PostgreSQL82Dialect"/>
    </bean>

    <!-- transaction manager -->
    <bean id="transactionManager" class="org.springframework.orm.jpa.JpaTransactionManager">
        <property name="entityManagerFactory" ref="emf"/>
    </bean>

    <!-- enable spring annotation driven transactions -->
    <tx:annotation-driven transaction-manager="transactionManager"/>

    <bean id="dbDataSource"
          class="org.springframework.jdbc.datasource.DriverManagerDataSource">
        <property name="driverClassName" value="org.testcontainers.jdbc.ContainerDatabaseDriver" />
        <property name="url" value="jdbc:tc:postgresql:9.6.12:///viestinta?TC_DAEMON=true&amp;TC_INITSCRIPT=./init-postgres.sql" />
    </bean>

    <bean id="flyway" class="com.googlecode.flyway.core.Flyway" init-method="migrate">
        <property name="initOnMigrate" value="false"/>
        <property name="dataSource" ref="dbDataSource" />
    </bean>

</beans>
