<?xml version="1.0" encoding="UTF-8"?>
<beans xmlns="http://www.springframework.org/schema/beans" xmlns:xsi="http://www.w3.org/2001/XMLSchema-instance"
       xmlns:context="http://www.springframework.org/schema/context" xsi:schemaLocation="http://www.springframework.org/schema/beans
       http://www.springframework.org/schema/beans/spring-beans.xsd http://www.springframework.org/schema/context
       http://www.springframework.org/schema/context/spring-context.xsd">

    <context:annotation-config/>
    <context:component-scan base-package="fi.vm.sade.ryhmasahkoposti"/>

    <!-- Test properties -->
    <context:property-placeholder location="classpath:ryhmasahkopostipalvelu-test.properties"/>

    <!-- Spring service and persistence configuration -->
    <import resource="classpath:test-service-context.xml"/>
    <import resource="classpath:test-dao-context.xml"/>
</beans>
